[96124:96254:0415/221245.867403:ERROR:object_proxy.cc(621)] Failed to call method: org.freedesktop.DBus.Properties.Get: object_path= /org/freedesktop/UPower: org.freedesktop.DBus.Error.ServiceUnknown: The name org.freedesktop.UPower was not provided by any .service files
[96124:96254:0415/221245.867463:WARNING:property.cc(144)] DaemonVersion: GetAndBlock: failed.
[96124:96254:0415/221245.867678:ERROR:object_proxy.cc(621)] Failed to call method: org.freedesktop.UPower.GetDisplayDevice: object_path= /org/freedesktop/UPower: org.freedesktop.DBus.Error.ServiceUnknown: The name org.freedesktop.UPower was not provided by any .service files
[96124:96254:0415/221245.868284:ERROR:object_proxy.cc(621)] Failed to call method: org.freedesktop.UPower.EnumerateDevices: object_path= /org/freedesktop/UPower: org.freedesktop.DBus.Error.ServiceUnknown: The name org.freedesktop.UPower was not provided by any .service files
[96187:96187:0415/221245.914343:ERROR:viz_main_impl.cc(150)] Exiting GPU process due to errors during initialization
[96270:96270:0415/221246.021581:ERROR:gpu_init.cc(426)] Passthrough is not supported, GL is egl
[96234:96250:0415/221246.101135:ERROR:command_buffer_proxy_impl.cc(121)] ContextResult::kTransientFailure: Failed to send GpuChannelMsg_CreateCommandBuffer.
[96270:96270:0415/221246.104383:WARNING:ipc_message_attachment_set.cc(49)] MessageAttachmentSet destroyed with unconsumed attachments: 0/1
[96124:96124:0415/221246.177123:INFO:CONSOLE(1)] "Setting up Sentry Remote Error Reporting for 'production': SENTRY_DSN", source: chrome-extension://nkbihfbeogaeaoehlefnkodbefgpgknn/initSentry.js (1)
[96124:96124:0415/221246.273836:INFO:CONSOLE(8)] "Removing intrinsics.Promise.any", source: chrome-extension://nkbihfbeogaeaoehlefnkodbefgpgknn/initSentry.js (8)
[96124:96124:0415/221246.292488:INFO:CONSOLE(8)] "Removing intrinsics.Reflect.@@toStringTag", source: chrome-extension://nkbihfbeogaeaoehlefnkodbefgpgknn/initSentry.js (8)
[96124:96124:0415/221246.294602:INFO:CONSOLE(8)] "Removing intrinsics.%StringPrototype%.replaceAll", source: chrome-extension://nkbihfbeogaeaoehlefnkodbefgpgknn/initSentry.js (8)
[96124:96124:0415/221246.295622:INFO:CONSOLE(8)] "Removing intrinsics.%RegExpPrototype%.hasIndices", source: chrome-extension://nkbihfbeogaeaoehlefnkodbefgpgknn/initSentry.js (8)
[96124:96124:0415/221248.339417:INFO:CONSOLE(16)] "Invalid asm.js: Unexpected token", source: chrome-extension://nkbihfbeogaeaoehlefnkodbefgpgknn/bg-libs.js (16)
[96124:96124:0415/221249.268720:INFO:CONSOLE(1)] "Setting up Sentry Remote Error Reporting for 'production': SENTRY_DSN", source: chrome-extension://nkbihfbeogaeaoehlefnkodbefgpgknn/initSentry.js (1)
[96124:96124:0415/221249.304179:INFO:CONSOLE(8)] "Removing intrinsics.Promise.any", source: chrome-extension://nkbihfbeogaeaoehlefnkodbefgpgknn/initSentry.js (8)
[96124:96124:0415/221249.304554:INFO:CONSOLE(8)] "Removing intrinsics.Reflect.@@toStringTag", source: chrome-extension://nkbihfbeogaeaoehlefnkodbefgpgknn/initSentry.js (8)
[96124:96124:0415/221249.305953:INFO:CONSOLE(8)] "Removing intrinsics.%StringPrototype%.replaceAll", source: chrome-extension://nkbihfbeogaeaoehlefnkodbefgpgknn/initSentry.js (8)
[96124:96124:0415/221249.306479:INFO:CONSOLE(8)] "Removing intrinsics.%RegExpPrototype%.hasIndices", source: chrome-extension://nkbihfbeogaeaoehlefnkodbefgpgknn/initSentry.js (8)
[96124:96124:0415/221306.492634:INFO:CONSOLE(1)] "MetaMask: 'ethereum.enable()' is deprecated and may be removed in the future. Please use the 'eth_requestAccounts' RPC method instead.
For more information, see: https://eips.ethereum.org/EIPS/eip-1102", source: chrome-extension://nkbihfbeogaeaoehlefnkodbefgpgknn/inpage.js (1)
[96124:96124:0415/221306.512274:INFO:CONSOLE(1)] "Content is cached for offline use.", source: https://filda.io/static/js/main.9173e661.chunk.js (1)
[96124:96124:0415/221307.477429:INFO:CONSOLE(1)] "You are accessing the MetaMask window.web3.currentProvider shim. This property is deprecated; use window.ethereum instead. For details, see: https://docs.metamask.io/guide/provider-migration.html#replacing-window-web3", source: chrome-extension://nkbihfbeogaeaoehlefnkodbefgpgknn/inpage.js (1)
[96124:96124:0415/221307.478873:INFO:CONSOLE(1)] "MetaMask: The event 'data' is deprecated and will be removed in the future. Use 'message' instead.
For more information, see: https://eips.ethereum.org/EIPS/eip-1193#message", source: chrome-extension://nkbihfbeogaeaoehlefnkodbefgpgknn/inpage.js (1)
[96124:96124:0415/221307.479803:INFO:CONSOLE(1)] "MetaMask: The event 'close' is deprecated and may be removed in the future. Please use 'disconnect' instead.
For more information, see: https://eips.ethereum.org/EIPS/eip-1193#disconnect", source: chrome-extension://nkbihfbeogaeaoehlefnkodbefgpgknn/inpage.js (1)
[96124:96124:0415/221307.554530:INFO:CONSOLE(1)] "MetaMask: The event 'networkChanged' is deprecated and may be removed in the future. Use 'chainChanged' instead.
For more information, see: https://eips.ethereum.org/EIPS/eip-1193#chainchanged", source: chrome-extension://nkbihfbeogaeaoehlefnkodbefgpgknn/inpage.js (1)
[96124:96124:0415/221307.716732:INFO:CONSOLE(2)] "duplicate definition - constructor", source: https://filda.io/static/js/5.f05c2380.chunk.js (2)
[96124:96124:0415/221307.717346:INFO:CONSOLE(2)] "duplicate definition - Failure(uint256,uint256,uint256)", source: https://filda.io/static/js/5.f05c2380.chunk.js (2)
[96124:96124:0415/221307.718137:INFO:CONSOLE(2)] "duplicate definition - admin()", source: https://filda.io/static/js/5.f05c2380.chunk.js (2)
[96124:96124:0415/221307.718198:INFO:CONSOLE(2)] "duplicate definition - comptrollerImplementation()", source: https://filda.io/static/js/5.f05c2380.chunk.js (2)
[96124:96124:0415/221307.718282:INFO:CONSOLE(2)] "duplicate definition - pendingAdmin()", source: https://filda.io/static/js/5.f05c2380.chunk.js (2)
[96124:96124:0415/221307.718873:INFO:CONSOLE(2)] "duplicate definition - pendingComptrollerImplementation()", source: https://filda.io/static/js/5.f05c2380.chunk.js (2)
[96124:96124:0415/221309.632522:WARNING:pref_notifier_impl.cc(40)] Pref observer for media_router.cast_allow_all_ips found at shutdown.
