[97415:97415:0415/221327.704392:ERROR:viz_main_impl.cc(150)] Exiting GPU process due to errors during initialization
[97456:97456:0415/221327.725295:ERROR:gpu_init.cc(426)] Passthrough is not supported, GL is egl
[97377:97478:0415/221327.793171:ERROR:object_proxy.cc(621)] Failed to call method: org.freedesktop.DBus.Properties.Get: object_path= /org/freedesktop/UPower: org.freedesktop.DBus.Error.ServiceUnknown: The name org.freedesktop.UPower was not provided by any .service files
[97377:97478:0415/221327.793214:WARNING:property.cc(144)] DaemonVersion: GetAndBlock: failed.
[97377:97478:0415/221327.793387:ERROR:object_proxy.cc(621)] Failed to call method: org.freedesktop.UPower.GetDisplayDevice: object_path= /org/freedesktop/UPower: org.freedesktop.DBus.Error.ServiceUnknown: The name org.freedesktop.UPower was not provided by any .service files
[97377:97478:0415/221327.793850:ERROR:object_proxy.cc(621)] Failed to call method: org.freedesktop.UPower.EnumerateDevices: object_path= /org/freedesktop/UPower: org.freedesktop.DBus.Error.ServiceUnknown: The name org.freedesktop.UPower was not provided by any .service files
[97377:97377:0415/221328.177085:INFO:CONSOLE(1)] "Setting up Sentry Remote Error Reporting for 'production': SENTRY_DSN", source: chrome-extension://nkbihfbeogaeaoehlefnkodbefgpgknn/initSentry.js (1)
[97377:97377:0415/221328.197066:INFO:CONSOLE(8)] "Removing intrinsics.Promise.any", source: chrome-extension://nkbihfbeogaeaoehlefnkodbefgpgknn/initSentry.js (8)
[97377:97377:0415/221328.197152:INFO:CONSOLE(8)] "Removing intrinsics.Reflect.@@toStringTag", source: chrome-extension://nkbihfbeogaeaoehlefnkodbefgpgknn/initSentry.js (8)
[97377:97377:0415/221328.197639:INFO:CONSOLE(8)] "Removing intrinsics.%StringPrototype%.replaceAll", source: chrome-extension://nkbihfbeogaeaoehlefnkodbefgpgknn/initSentry.js (8)
[97377:97377:0415/221328.197928:INFO:CONSOLE(8)] "Removing intrinsics.%RegExpPrototype%.hasIndices", source: chrome-extension://nkbihfbeogaeaoehlefnkodbefgpgknn/initSentry.js (8)
[97377:97377:0415/221329.706776:INFO:CONSOLE(16)] "Invalid asm.js: Unexpected token", source: chrome-extension://nkbihfbeogaeaoehlefnkodbefgpgknn/bg-libs.js (16)
[97377:97377:0415/221331.607805:INFO:CONSOLE(1)] "Setting up Sentry Remote Error Reporting for 'production': SENTRY_DSN", source: chrome-extension://nkbihfbeogaeaoehlefnkodbefgpgknn/initSentry.js (1)
[97377:97377:0415/221331.661245:INFO:CONSOLE(8)] "Removing intrinsics.Promise.any", source: chrome-extension://nkbihfbeogaeaoehlefnkodbefgpgknn/initSentry.js (8)
[97377:97377:0415/221331.670713:INFO:CONSOLE(8)] "Removing intrinsics.Reflect.@@toStringTag", source: chrome-extension://nkbihfbeogaeaoehlefnkodbefgpgknn/initSentry.js (8)
[97377:97377:0415/221331.681466:INFO:CONSOLE(8)] "Removing intrinsics.%StringPrototype%.replaceAll", source: chrome-extension://nkbihfbeogaeaoehlefnkodbefgpgknn/initSentry.js (8)
[97377:97377:0415/221331.696967:INFO:CONSOLE(8)] "Removing intrinsics.%RegExpPrototype%.hasIndices", source: chrome-extension://nkbihfbeogaeaoehlefnkodbefgpgknn/initSentry.js (8)
[97377:97377:0415/221345.530454:INFO:CONSOLE(1)] "MetaMask: The event 'close' is deprecated and may be removed in the future. Please use 'disconnect' instead.
For more information, see: https://eips.ethereum.org/EIPS/eip-1193#disconnect", source: chrome-extension://nkbihfbeogaeaoehlefnkodbefgpgknn/inpage.js (1)
[97377:97377:0415/221345.737575:INFO:CONSOLE(2)] "chainId:128", source: https://www.lendhub.org/_nuxt/6412b39.js (2)
[97377:97377:0415/221345.794470:INFO:CONSOLE(2)] "init done", source: https://www.lendhub.org/_nuxt/6412b39.js (2)
[97377:97377:0415/221345.821767:INFO:CONSOLE(2)] "web3 ok", source: https://www.lendhub.org/_nuxt/6412b39.js (2)
[97377:97377:0415/221345.959801:INFO:CONSOLE(2)] "lhb price 457243", source: https://www.lendhub.org/_nuxt/6412b39.js (2)
[97377:97377:0415/221346.168823:INFO:CONSOLE(2)] "account :0x069DA7908FB1398E748de9A0555f3ECb686E4433", source: https://www.lendhub.org/_nuxt/6412b39.js (2)
[97377:97377:0415/221346.247383:INFO:CONSOLE(2)] "getAccountLimit", source: https://www.lendhub.org/_nuxt/6412b39.js (2)
[97377:97377:0415/221346.304369:INFO:CONSOLE(2)] ",0,0", source: https://www.lendhub.org/_nuxt/6412b39.js (2)
[97377:97377:0415/221353.111416:WARNING:pref_notifier_impl.cc(40)] Pref observer for media_router.cast_allow_all_ips found at shutdown.
