[16017:16017:0415/185219.116837:ERROR:viz_main_impl.cc(150)] Exiting GPU process due to errors during initialization
[15948:16149:0415/185219.349920:ERROR:object_proxy.cc(621)] Failed to call method: org.freedesktop.DBus.Properties.Get: object_path= /org/freedesktop/UPower: org.freedesktop.DBus.Error.ServiceUnknown: The name org.freedesktop.UPower was not provided by any .service files
[15948:16149:0415/185219.349977:WARNING:property.cc(144)] DaemonVersion: GetAndBlock: failed.
[15948:16149:0415/185219.351211:ERROR:object_proxy.cc(621)] Failed to call method: org.freedesktop.UPower.GetDisplayDevice: object_path= /org/freedesktop/UPower: org.freedesktop.DBus.Error.ServiceUnknown: The name org.freedesktop.UPower was not provided by any .service files
[15948:16149:0415/185219.351453:ERROR:object_proxy.cc(621)] Failed to call method: org.freedesktop.UPower.EnumerateDevices: object_path= /org/freedesktop/UPower: org.freedesktop.DBus.Error.ServiceUnknown: The name org.freedesktop.UPower was not provided by any .service files
[15948:15948:0415/185219.910822:INFO:CONSOLE(1)] "Setting up Sentry Remote Error Reporting for 'production': SENTRY_DSN", source: chrome-extension://nkbihfbeogaeaoehlefnkodbefgpgknn/initSentry.js (1)
[15948:15948:0415/185219.960091:INFO:CONSOLE(8)] "Removing intrinsics.Promise.any", source: chrome-extension://nkbihfbeogaeaoehlefnkodbefgpgknn/initSentry.js (8)
[15948:15948:0415/185219.967232:INFO:CONSOLE(8)] "Removing intrinsics.Reflect.@@toStringTag", source: chrome-extension://nkbihfbeogaeaoehlefnkodbefgpgknn/initSentry.js (8)
[15948:15948:0415/185219.969168:INFO:CONSOLE(8)] "Removing intrinsics.%StringPrototype%.replaceAll", source: chrome-extension://nkbihfbeogaeaoehlefnkodbefgpgknn/initSentry.js (8)
[15948:15948:0415/185221.302451:INFO:CONSOLE(16)] "Invalid asm.js: Unexpected token", source: chrome-extension://nkbihfbeogaeaoehlefnkodbefgpgknn/bg-libs.js (16)
[15948:15948:0415/185222.489402:INFO:CONSOLE(1)] "Setting up Sentry Remote Error Reporting for 'production': SENTRY_DSN", source: chrome-extension://nkbihfbeogaeaoehlefnkodbefgpgknn/initSentry.js (1)
[15948:15948:0415/185222.524696:INFO:CONSOLE(8)] "Removing intrinsics.Promise.any", source: chrome-extension://nkbihfbeogaeaoehlefnkodbefgpgknn/initSentry.js (8)
[15948:15948:0415/185222.525290:INFO:CONSOLE(8)] "Removing intrinsics.Reflect.@@toStringTag", source: chrome-extension://nkbihfbeogaeaoehlefnkodbefgpgknn/initSentry.js (8)
[15948:15948:0415/185222.526822:INFO:CONSOLE(8)] "Removing intrinsics.%StringPrototype%.replaceAll", source: chrome-extension://nkbihfbeogaeaoehlefnkodbefgpgknn/initSentry.js (8)
[15948:15948:0415/185236.759291:INFO:CONSOLE(1)] "MetaMask: 'ethereum.send(...)' is deprecated and may be removed in the future. Please use 'ethereum.sendAsync(...)' or 'ethereum.request(...)' instead.
For more information, see: https://eips.ethereum.org/EIPS/eip-1193", source: chrome-extension://nkbihfbeogaeaoehlefnkodbefgpgknn/inpage.js (1)
[15948:15948:0415/185236.793699:INFO:CONSOLE(1)] "MetaMask: The event 'close' is deprecated and may be removed in the future. Please use 'disconnect' instead.
For more information, see: https://eips.ethereum.org/EIPS/eip-1193#disconnect", source: chrome-extension://nkbihfbeogaeaoehlefnkodbefgpgknn/inpage.js (1)
[15948:15948:0415/185236.794671:INFO:CONSOLE(1)] "MetaMask: The event 'networkChanged' is deprecated and may be removed in the future. Use 'chainChanged' instead.
For more information, see: https://eips.ethereum.org/EIPS/eip-1193#chainchanged", source: chrome-extension://nkbihfbeogaeaoehlefnkodbefgpgknn/inpage.js (1)
[15948:15948:0415/185258.764814:INFO:CONSOLE(8)] "MaxListenersExceededWarning: Possible EventEmitter memory leak detected. 11 latest listeners added. Use emitter.setMaxListeners() to increase limit", source: chrome-extension://nkbihfbeogaeaoehlefnkodbefgpgknn/initSentry.js (8)
[15948:15948:0415/185318.954491:INFO:CONSOLE(8)] "MaxListenersExceededWarning: Possible EventEmitter memory leak detected. 11 latest listeners added. Use emitter.setMaxListeners() to increase limit", source: chrome-extension://nkbihfbeogaeaoehlefnkodbefgpgknn/initSentry.js (8)
[15948:15948:0415/185327.871497:INFO:CONSOLE(1)] "MetaMask: 'ethereum.send(...)' is deprecated and may be removed in the future. Please use 'ethereum.sendAsync(...)' or 'ethereum.request(...)' instead.
For more information, see: https://eips.ethereum.org/EIPS/eip-1193", source: chrome-extension://nkbihfbeogaeaoehlefnkodbefgpgknn/inpage.js (1)
[15948:15948:0415/185327.890852:INFO:CONSOLE(1)] "MetaMask: The event 'close' is deprecated and may be removed in the future. Please use 'disconnect' instead.
For more information, see: https://eips.ethereum.org/EIPS/eip-1193#disconnect", source: chrome-extension://nkbihfbeogaeaoehlefnkodbefgpgknn/inpage.js (1)
[15948:15948:0415/185327.891536:INFO:CONSOLE(1)] "MetaMask: The event 'networkChanged' is deprecated and may be removed in the future. Use 'chainChanged' instead.
For more information, see: https://eips.ethereum.org/EIPS/eip-1193#chainchanged", source: chrome-extension://nkbihfbeogaeaoehlefnkodbefgpgknn/inpage.js (1)
[15948:15948:0415/185331.593392:WARNING:pref_notifier_impl.cc(40)] Pref observer for media_router.cast_allow_all_ips found at shutdown.
