[97819:97819:0415/221337.598523:ERROR:viz_main_impl.cc(150)] Exiting GPU process due to errors during initialization
[97861:97861:0415/221337.693985:ERROR:gpu_init.cc(426)] Passthrough is not supported, GL is egl
[97781:97893:0415/221337.796198:ERROR:object_proxy.cc(621)] Failed to call method: org.freedesktop.DBus.Properties.Get: object_path= /org/freedesktop/UPower: org.freedesktop.DBus.Error.ServiceUnknown: The name org.freedesktop.UPower was not provided by any .service files
[97781:97893:0415/221337.796275:WARNING:property.cc(144)] DaemonVersion: GetAndBlock: failed.
[97781:97893:0415/221337.796653:ERROR:object_proxy.cc(621)] Failed to call method: org.freedesktop.UPower.GetDisplayDevice: object_path= /org/freedesktop/UPower: org.freedesktop.DBus.Error.ServiceUnknown: The name org.freedesktop.UPower was not provided by any .service files
[97781:97893:0415/221337.796869:ERROR:object_proxy.cc(621)] Failed to call method: org.freedesktop.UPower.EnumerateDevices: object_path= /org/freedesktop/UPower: org.freedesktop.DBus.Error.ServiceUnknown: The name org.freedesktop.UPower was not provided by any .service files
[97781:97781:0415/221338.163125:INFO:CONSOLE(1)] "Setting up Sentry Remote Error Reporting for 'production': SENTRY_DSN", source: chrome-extension://nkbihfbeogaeaoehlefnkodbefgpgknn/initSentry.js (1)
[97781:97781:0415/221338.235854:INFO:CONSOLE(8)] "Removing intrinsics.Promise.any", source: chrome-extension://nkbihfbeogaeaoehlefnkodbefgpgknn/initSentry.js (8)
[97781:97781:0415/221338.244626:INFO:CONSOLE(8)] "Removing intrinsics.Reflect.@@toStringTag", source: chrome-extension://nkbihfbeogaeaoehlefnkodbefgpgknn/initSentry.js (8)
[97781:97781:0415/221338.249730:INFO:CONSOLE(8)] "Removing intrinsics.%StringPrototype%.replaceAll", source: chrome-extension://nkbihfbeogaeaoehlefnkodbefgpgknn/initSentry.js (8)
[97781:97781:0415/221338.250505:INFO:CONSOLE(8)] "Removing intrinsics.%RegExpPrototype%.hasIndices", source: chrome-extension://nkbihfbeogaeaoehlefnkodbefgpgknn/initSentry.js (8)
[97781:97781:0415/221339.290014:INFO:CONSOLE(16)] "Invalid asm.js: Unexpected token", source: chrome-extension://nkbihfbeogaeaoehlefnkodbefgpgknn/bg-libs.js (16)
[97781:97781:0415/221340.180747:INFO:CONSOLE(1)] "Setting up Sentry Remote Error Reporting for 'production': SENTRY_DSN", source: chrome-extension://nkbihfbeogaeaoehlefnkodbefgpgknn/initSentry.js (1)
[97781:97781:0415/221340.211501:INFO:CONSOLE(8)] "Removing intrinsics.Promise.any", source: chrome-extension://nkbihfbeogaeaoehlefnkodbefgpgknn/initSentry.js (8)
[97781:97781:0415/221340.217788:INFO:CONSOLE(8)] "Removing intrinsics.Reflect.@@toStringTag", source: chrome-extension://nkbihfbeogaeaoehlefnkodbefgpgknn/initSentry.js (8)
[97781:97781:0415/221340.220048:INFO:CONSOLE(8)] "Removing intrinsics.%StringPrototype%.replaceAll", source: chrome-extension://nkbihfbeogaeaoehlefnkodbefgpgknn/initSentry.js (8)
[97781:97781:0415/221340.221617:INFO:CONSOLE(8)] "Removing intrinsics.%RegExpPrototype%.hasIndices", source: chrome-extension://nkbihfbeogaeaoehlefnkodbefgpgknn/initSentry.js (8)
[97781:97781:0415/221354.208478:INFO:CONSOLE(1)] "[object Object]", source: https://www.ellipsis.finance/js/app.bec5ac97.js?__WB_REVISION__=0b8881f04b105825a63d (1)
[97781:97781:0415/221354.473864:INFO:CONSOLE(1)] "web3-shh package will be deprecated in version 1.3.5 and will no longer be supported.", source: https://www.ellipsis.finance/js/chunk-vendors.c520475a.js?__WB_REVISION__=56866e417611df14716b (1)
[97781:97781:0415/221354.475066:INFO:CONSOLE(111)] "web3-bzz package will be deprecated in version 1.3.5 and will no longer be supported.", source: https://www.ellipsis.finance/js/chunk-vendors.c520475a.js?__WB_REVISION__=56866e417611df14716b (111)
[97781:97781:0415/221354.560986:INFO:CONSOLE(1)] "null SUBSCRIPTION", source: https://www.ellipsis.finance/js/app.bec5ac97.js?__WB_REVISION__=0b8881f04b105825a63d (1)
[97781:97781:0415/221354.629934:INFO:CONSOLE(1)] " getVolumes", source: https://www.ellipsis.finance/js/chunk-adbb45b0.eaa786c2.js?__WB_REVISION__=19560efc25e63f18cfd2 (1)
[97781:97781:0415/221354.635422:INFO:CONSOLE(1)] "[object Object] state.volumesstate.volumes", source: https://www.ellipsis.finance/js/chunk-adbb45b0.eaa786c2.js?__WB_REVISION__=19560efc25e63f18cfd2 (1)
[97781:97781:0415/221354.742863:INFO:CONSOLE(1)] "MetaMask: 'ethereum._metamask' exposes non-standard, experimental methods. They may be removed or changed without warning.", source: chrome-extension://nkbihfbeogaeaoehlefnkodbefgpgknn/inpage.js (1)
[97781:97781:0415/221355.129004:INFO:CONSOLE(1)] "default_account 0x069DA7908FB1398E748de9A0555f3ECb686E4433", source: https://www.ellipsis.finance/js/app.bec5ac97.js?__WB_REVISION__=0b8881f04b105825a63d (1)
[97781:97781:0415/221355.163437:INFO:CONSOLE(1)] "[object Object]", source: https://www.ellipsis.finance/js/chunk-adbb45b0.eaa786c2.js?__WB_REVISION__=19560efc25e63f18cfd2 (1)
[97781:97781:0415/221355.164181:INFO:CONSOLE(1)] "3pool -1,-1", source: https://www.ellipsis.finance/js/chunk-adbb45b0.eaa786c2.js?__WB_REVISION__=19560efc25e63f18cfd2 (1)
[97781:97781:0415/221355.164243:INFO:CONSOLE(1)] "fusdt -1,-1", source: https://www.ellipsis.finance/js/chunk-adbb45b0.eaa786c2.js?__WB_REVISION__=19560efc25e63f18cfd2 (1)
[97781:97781:0415/221355.165250:INFO:CONSOLE(1)] "[object Object] state.volumesstate.volumes", source: https://www.ellipsis.finance/js/chunk-adbb45b0.eaa786c2.js?__WB_REVISION__=19560efc25e63f18cfd2 (1)
[97781:97781:0415/221355.168234:INFO:CONSOLE(1)] "[object Object] state.volumesstate.volumes", source: https://www.ellipsis.finance/js/chunk-adbb45b0.eaa786c2.js?__WB_REVISION__=19560efc25e63f18cfd2 (1)
[97781:97781:0415/221355.262618:INFO:CONSOLE(1)] "0x160CAed03795365F3A589f10C379FfA7d75d4E76,0xbb7b8b80,0x160CAed03795365F3A589f10C379FfA7d75d4E76,0xf446c1d0,0x160CAed03795365F3A589f10C379FfA7d75d4E76,0xb4b577ad,0x160CAed03795365F3A589f10C379FfA7d75d4E76,0x405e28f8,0x160CAed03795365F3A589f10C379FfA7d75d4E76,0x5409491a,0x160CAed03795365F3A589f10C379FfA7d75d4E76,0x5409491a,0x160CAed03795365F3A589f10C379FfA7d75d4E76,0x2081066c,0x160CAed03795365F3A589f10C379FfA7d75d4E76,0x14052288,0x160CAed03795365F3A589f10C379FfA7d75d4E76,0xddca3f43,0x160CAed03795365F3A589f10C379FfA7d75d4E76,0xfee3f7f9,0xaF4dE8E872131AE328Ce21D909C74705d3Aaf452,0x70a08231000000000000000000000000069da7908fb1398e748de9a0555f3ecb686e4433,0xaF4dE8E872131AE328Ce21D909C74705d3Aaf452,0x18160ddd,0x160CAed03795365F3A589f10C379FfA7d75d4E76,0x4903b0d10000000000000000000000000000000000000000000000000000000000000000,0x160CAed03795365F3A589f10C379FfA7d75d4E76,0x4903b0d10000000000000000000000000000000000000000000000000000000000000001,0x160CAed03795365F3A589f10C379FfA7d75d4E76,0x4903b0d10000000000000000000000000000000000000000000000000000000000000002,0x160CAed03795365F3A589f10C379FfA7d75d4E76,0xddca3f43 ===> calls", source: https://www.ellipsis.finance/js/app.bec5ac97.js?__WB_REVISION__=0b8881f04b105825a63d (1)
[97781:97781:0415/221355.332659:INFO:CONSOLE(1)] "3pool pool found", source: https://www.ellipsis.finance/js/chunk-d05cd534.ea616300.js?__WB_REVISION__=0b2a536e47ed25288b9e (1)
[97781:97781:0415/221355.383462:INFO:CONSOLE(1)] "init: 228.47021484375 ms", source: https://www.ellipsis.finance/js/app.bec5ac97.js?__WB_REVISION__=0b8881f04b105825a63d (1)
[97781:97781:0415/221355.384419:INFO:CONSOLE(1)] "Timer 'init' already exists", source: https://www.ellipsis.finance/js/app.bec5ac97.js?__WB_REVISION__=0b8881f04b105825a63d (1)
[97781:97781:0415/221355.386053:INFO:CONSOLE(1)] "initswap: 913.954833984375 ms", source: https://www.ellipsis.finance/js/app.bec5ac97.js?__WB_REVISION__=0b8881f04b105825a63d (1)
[97781:97781:0415/221355.387224:INFO:CONSOLE(1)] "App is being served from cache by a service worker.
For more details, visit https://goo.gl/AFskqB", source: https://www.ellipsis.finance/js/app.bec5ac97.js?__WB_REVISION__=0b8881f04b105825a63d (1)
[97781:97781:0415/221355.396143:INFO:CONSOLE(1)] "Service worker has been registered.", source: https://www.ellipsis.finance/js/app.bec5ac97.js?__WB_REVISION__=0b8881f04b105825a63d (1)
[97781:97781:0415/221355.399496:INFO:CONSOLE(1)] "[object Object]", source: https://www.ellipsis.finance/js/chunk-adbb45b0.eaa786c2.js?__WB_REVISION__=19560efc25e63f18cfd2 (1)
[97781:97781:0415/221355.425605:INFO:CONSOLE(1)] "Timer 'updatefeeinfo' already exists", source: https://www.ellipsis.finance/js/app.bec5ac97.js?__WB_REVISION__=0b8881f04b105825a63d (1)
[97781:97781:0415/221355.444978:INFO:CONSOLE(1)] "0x556ea0b4c06D043806859c9490072FaadC104b63,0xbb7b8b80,0x556ea0b4c06D043806859c9490072FaadC104b63,0xf446c1d0,0x556ea0b4c06D043806859c9490072FaadC104b63,0xb4b577ad,0x556ea0b4c06D043806859c9490072FaadC104b63,0x405e28f8,0x556ea0b4c06D043806859c9490072FaadC104b63,0x5409491a,0x556ea0b4c06D043806859c9490072FaadC104b63,0x5409491a,0x556ea0b4c06D043806859c9490072FaadC104b63,0x2081066c,0x556ea0b4c06D043806859c9490072FaadC104b63,0x14052288,0xaF4dE8E872131AE328Ce21D909C74705d3Aaf452,0x18160ddd,0x556ea0b4c06D043806859c9490072FaadC104b63,0xddca3f43,0x556ea0b4c06D043806859c9490072FaadC104b63,0xfee3f7f9,0x373410A99B64B089DFE16F1088526D399252dacE,0x70a082310000000000000000000000000000000000000000000000000000000000000000,0x373410A99B64B089DFE16F1088526D399252dacE,0x18160ddd,0x556ea0b4c06D043806859c9490072FaadC104b63,0x4903b0d10000000000000000000000000000000000000000000000000000000000000000,0x556ea0b4c06D043806859c9490072FaadC104b63,0x4903b0d10000000000000000000000000000000000000000000000000000000000000001,0x556ea0b4c06D043806859c9490072FaadC104b63,0xddca3f43 ===> calls", source: https://www.ellipsis.finance/js/app.bec5ac97.js?__WB_REVISION__=0b8881f04b105825a63d (1)
[97781:97781:0415/221355.513155:INFO:CONSOLE(1)] "init: 127.58203125 ms", source: https://www.ellipsis.finance/js/app.bec5ac97.js?__WB_REVISION__=0b8881f04b105825a63d (1)
[97781:97781:0415/221355.526103:INFO:CONSOLE(153)] "Uncaught Error: Unauthorized", source: https://www.ellipsis.finance/js/chunk-vendors.c520475a.js?__WB_REVISION__=56866e417611df14716b (153)
[97781:97781:0415/221412.006640:WARNING:pref_notifier_impl.cc(40)] Pref observer for media_router.cast_allow_all_ips found at shutdown.
