[100781:100781:0415/221624.369213:ERROR:viz_main_impl.cc(150)] Exiting GPU process due to errors during initialization
[100825:100825:0415/221624.418470:ERROR:gpu_init.cc(426)] Passthrough is not supported, GL is egl
[100742:100853:0415/221624.452204:ERROR:object_proxy.cc(621)] Failed to call method: org.freedesktop.DBus.Properties.Get: object_path= /org/freedesktop/UPower: org.freedesktop.DBus.Error.ServiceUnknown: The name org.freedesktop.UPower was not provided by any .service files
[100742:100853:0415/221624.452265:WARNING:property.cc(144)] DaemonVersion: GetAndBlock: failed.
[100742:100853:0415/221624.452445:ERROR:object_proxy.cc(621)] Failed to call method: org.freedesktop.UPower.GetDisplayDevice: object_path= /org/freedesktop/UPower: org.freedesktop.DBus.Error.ServiceUnknown: The name org.freedesktop.UPower was not provided by any .service files
[100742:100853:0415/221624.452634:ERROR:object_proxy.cc(621)] Failed to call method: org.freedesktop.UPower.EnumerateDevices: object_path= /org/freedesktop/UPower: org.freedesktop.DBus.Error.ServiceUnknown: The name org.freedesktop.UPower was not provided by any .service files
[100742:100742:0415/221624.674287:INFO:CONSOLE(1)] "Setting up Sentry Remote Error Reporting for 'production': SENTRY_DSN", source: chrome-extension://nkbihfbeogaeaoehlefnkodbefgpgknn/initSentry.js (1)
[100742:100742:0415/221624.711761:INFO:CONSOLE(8)] "Removing intrinsics.Promise.any", source: chrome-extension://nkbihfbeogaeaoehlefnkodbefgpgknn/initSentry.js (8)
[100742:100742:0415/221624.720703:INFO:CONSOLE(8)] "Removing intrinsics.Reflect.@@toStringTag", source: chrome-extension://nkbihfbeogaeaoehlefnkodbefgpgknn/initSentry.js (8)
[100742:100742:0415/221624.722491:INFO:CONSOLE(8)] "Removing intrinsics.%StringPrototype%.replaceAll", source: chrome-extension://nkbihfbeogaeaoehlefnkodbefgpgknn/initSentry.js (8)
[100742:100742:0415/221624.723412:INFO:CONSOLE(8)] "Removing intrinsics.%RegExpPrototype%.hasIndices", source: chrome-extension://nkbihfbeogaeaoehlefnkodbefgpgknn/initSentry.js (8)
[100742:100742:0415/221625.522935:INFO:CONSOLE(16)] "Invalid asm.js: Unexpected token", source: chrome-extension://nkbihfbeogaeaoehlefnkodbefgpgknn/bg-libs.js (16)
[100742:100742:0415/221626.322060:INFO:CONSOLE(1)] "Setting up Sentry Remote Error Reporting for 'production': SENTRY_DSN", source: chrome-extension://nkbihfbeogaeaoehlefnkodbefgpgknn/initSentry.js (1)
[100742:100742:0415/221626.354035:INFO:CONSOLE(8)] "Removing intrinsics.Promise.any", source: chrome-extension://nkbihfbeogaeaoehlefnkodbefgpgknn/initSentry.js (8)
[100742:100742:0415/221626.354583:INFO:CONSOLE(8)] "Removing intrinsics.Reflect.@@toStringTag", source: chrome-extension://nkbihfbeogaeaoehlefnkodbefgpgknn/initSentry.js (8)
[100742:100742:0415/221626.356009:INFO:CONSOLE(8)] "Removing intrinsics.%StringPrototype%.replaceAll", source: chrome-extension://nkbihfbeogaeaoehlefnkodbefgpgknn/initSentry.js (8)
[100742:100742:0415/221626.356639:INFO:CONSOLE(8)] "Removing intrinsics.%RegExpPrototype%.hasIndices", source: chrome-extension://nkbihfbeogaeaoehlefnkodbefgpgknn/initSentry.js (8)
[100855:100862:0415/221628.450180:ERROR:tile_manager.cc(811)] WARNING: tile memory limits exceeded, some content may not draw
[100855:100862:0415/221628.452825:ERROR:tile_manager.cc(811)] WARNING: tile memory limits exceeded, some content may not draw
[100855:100862:0415/221628.468010:ERROR:tile_manager.cc(811)] WARNING: tile memory limits exceeded, some content may not draw
[100855:100862:0415/221628.470541:ERROR:tile_manager.cc(811)] WARNING: tile memory limits exceeded, some content may not draw
[100855:100862:0415/221628.476768:ERROR:tile_manager.cc(811)] WARNING: tile memory limits exceeded, some content may not draw
[100855:100862:0415/221628.477756:ERROR:tile_manager.cc(811)] WARNING: tile memory limits exceeded, some content may not draw
[100855:100862:0415/221628.481605:ERROR:tile_manager.cc(811)] WARNING: tile memory limits exceeded, some content may not draw
[100855:100862:0415/221628.483317:ERROR:tile_manager.cc(811)] WARNING: tile memory limits exceeded, some content may not draw
[100855:100862:0415/221633.598492:ERROR:tile_manager.cc(811)] WARNING: tile memory limits exceeded, some content may not draw
[100855:100862:0415/221633.600962:ERROR:tile_manager.cc(811)] WARNING: tile memory limits exceeded, some content may not draw
[100742:100742:0415/221641.812717:INFO:CONSOLE(2)] "
 %c DPlayer v1.26.0 63275c8 %c http://dplayer.js.org 

 color: #fadfa3; background: #030307; padding:5px 0; background: #fadfa3; padding:5px 0;", source: https://www.bakeryswap.org/static/js/3.d8eb81bf.chunk.js (2)
[100742:100742:0415/221642.199806:INFO:CONSOLE(2)] "react-i18next:: i18n.languages were undefined or empty undefined", source: https://www.bakeryswap.org/static/js/3.d8eb81bf.chunk.js (2)
[100742:100742:0415/221642.203120:INFO:CONSOLE(1)] "MetaMask: 'ethereum.send(...)' is deprecated and may be removed in the future. Please use 'ethereum.sendAsync(...)' or 'ethereum.request(...)' instead.
For more information, see: https://eips.ethereum.org/EIPS/eip-1193", source: chrome-extension://nkbihfbeogaeaoehlefnkodbefgpgknn/inpage.js (1)
[100742:100742:0415/221642.293247:INFO:CONSOLE(1)] "MetaMask: The event 'close' is deprecated and may be removed in the future. Please use 'disconnect' instead.
For more information, see: https://eips.ethereum.org/EIPS/eip-1193#disconnect", source: chrome-extension://nkbihfbeogaeaoehlefnkodbefgpgknn/inpage.js (1)
[100742:100742:0415/221642.294224:INFO:CONSOLE(1)] "MetaMask: The event 'networkChanged' is deprecated and may be removed in the future. Use 'chainChanged' instead.
For more information, see: https://eips.ethereum.org/EIPS/eip-1193#chainchanged", source: chrome-extension://nkbihfbeogaeaoehlefnkodbefgpgknn/inpage.js (1)
[100742:100742:0415/221642.358120:INFO:CONSOLE(1)] "MetaMask: The event 'data' is deprecated and will be removed in the future. Use 'message' instead.
For more information, see: https://eips.ethereum.org/EIPS/eip-1193#message", source: chrome-extension://nkbihfbeogaeaoehlefnkodbefgpgknn/inpage.js (1)
[100742:100742:0415/221642.620569:INFO:CONSOLE(8)] "%s: %s MaxListenersExceededWarning Possible EventEmitter memory leak detected. 101 "connect" listeners added. Use emitter.setMaxListeners() to increase limit.", source: chrome-extension://nkbihfbeogaeaoehlefnkodbefgpgknn/inpage.js (8)
[100742:100742:0415/221642.622323:INFO:CONSOLE(8)] "%s: %s MaxListenersExceededWarning Possible EventEmitter memory leak detected. 101 "close" listeners added. Use emitter.setMaxListeners() to increase limit.", source: chrome-extension://nkbihfbeogaeaoehlefnkodbefgpgknn/inpage.js (8)
[100742:100742:0415/221642.623585:INFO:CONSOLE(8)] "%s: %s MaxListenersExceededWarning Possible EventEmitter memory leak detected. 101 "data" listeners added. Use emitter.setMaxListeners() to increase limit.", source: chrome-extension://nkbihfbeogaeaoehlefnkodbefgpgknn/inpage.js (8)
[100742:100742:0415/221642.624799:INFO:CONSOLE(8)] "%s: %s MaxListenersExceededWarning Possible EventEmitter memory leak detected. 101 "error" listeners added. Use emitter.setMaxListeners() to increase limit.", source: chrome-extension://nkbihfbeogaeaoehlefnkodbefgpgknn/inpage.js (8)
[100742:100742:0415/221646.289339:INFO:CONSOLE(1)] "Fetching chunk [object Object] [object Object] 6589330", source: https://www.bakeryswap.org/static/js/main.130eebd1.chunk.js (1)
[100866:100873:0415/221646.534738:ERROR:tile_manager.cc(811)] WARNING: tile memory limits exceeded, some content may not draw
[100866:100873:0415/221647.553722:ERROR:tile_manager.cc(811)] WARNING: tile memory limits exceeded, some content may not draw
[100866:100873:0415/221647.556196:ERROR:tile_manager.cc(811)] WARNING: tile memory limits exceeded, some content may not draw
[100866:100873:0415/221647.931027:ERROR:tile_manager.cc(811)] WARNING: tile memory limits exceeded, some content may not draw
[100866:100873:0415/221647.936559:ERROR:tile_manager.cc(811)] WARNING: tile memory limits exceeded, some content may not draw
[100742:100758:0415/221945.560374:ERROR:zygote_communication_linux.cc(276)] Failed to send GetTerminationStatus message to zygote
[100742:100758:0415/221945.605226:WARNING:zygote_communication_linux.cc(288)] Socket closed prematurely.
[100742:100758:0415/221945.711538:ERROR:zygote_communication_linux.cc(276)] Failed to send GetTerminationStatus message to zygote
[100742:100758:0415/221945.711582:WARNING:zygote_communication_linux.cc(288)] Socket closed prematurely.
