[98240:98240:0415/221356.398375:ERROR:viz_main_impl.cc(150)] Exiting GPU process due to errors during initialization
[98202:98306:0415/221356.442829:ERROR:object_proxy.cc(621)] Failed to call method: org.freedesktop.DBus.Properties.Get: object_path= /org/freedesktop/UPower: org.freedesktop.DBus.Error.ServiceUnknown: The name org.freedesktop.UPower was not provided by any .service files
[98202:98306:0415/221356.442872:WARNING:property.cc(144)] DaemonVersion: GetAndBlock: failed.
[98202:98306:0415/221356.443075:ERROR:object_proxy.cc(621)] Failed to call method: org.freedesktop.UPower.GetDisplayDevice: object_path= /org/freedesktop/UPower: org.freedesktop.DBus.Error.ServiceUnknown: The name org.freedesktop.UPower was not provided by any .service files
[98202:98306:0415/221356.443273:ERROR:object_proxy.cc(621)] Failed to call method: org.freedesktop.UPower.EnumerateDevices: object_path= /org/freedesktop/UPower: org.freedesktop.DBus.Error.ServiceUnknown: The name org.freedesktop.UPower was not provided by any .service files
[98305:98305:0415/221356.482524:ERROR:gpu_init.cc(426)] Passthrough is not supported, GL is egl
[98305:98305:0415/221356.554150:WARNING:ipc_message_attachment_set.cc(49)] MessageAttachmentSet destroyed with unconsumed attachments: 0/1
[98202:98202:0415/221356.711875:INFO:CONSOLE(1)] "Setting up Sentry Remote Error Reporting for 'production': SENTRY_DSN", source: chrome-extension://nkbihfbeogaeaoehlefnkodbefgpgknn/initSentry.js (1)
[98202:98202:0415/221356.793403:INFO:CONSOLE(8)] "Removing intrinsics.Promise.any", source: chrome-extension://nkbihfbeogaeaoehlefnkodbefgpgknn/initSentry.js (8)
[98202:98202:0415/221356.794255:INFO:CONSOLE(8)] "Removing intrinsics.Reflect.@@toStringTag", source: chrome-extension://nkbihfbeogaeaoehlefnkodbefgpgknn/initSentry.js (8)
[98202:98202:0415/221356.796060:INFO:CONSOLE(8)] "Removing intrinsics.%StringPrototype%.replaceAll", source: chrome-extension://nkbihfbeogaeaoehlefnkodbefgpgknn/initSentry.js (8)
[98202:98202:0415/221356.796870:INFO:CONSOLE(8)] "Removing intrinsics.%RegExpPrototype%.hasIndices", source: chrome-extension://nkbihfbeogaeaoehlefnkodbefgpgknn/initSentry.js (8)
[98202:98202:0415/221357.813508:INFO:CONSOLE(16)] "Invalid asm.js: Unexpected token", source: chrome-extension://nkbihfbeogaeaoehlefnkodbefgpgknn/bg-libs.js (16)
[98202:98202:0415/221359.221397:INFO:CONSOLE(1)] "Setting up Sentry Remote Error Reporting for 'production': SENTRY_DSN", source: chrome-extension://nkbihfbeogaeaoehlefnkodbefgpgknn/initSentry.js (1)
[98202:98202:0415/221359.257186:INFO:CONSOLE(8)] "Removing intrinsics.Promise.any", source: chrome-extension://nkbihfbeogaeaoehlefnkodbefgpgknn/initSentry.js (8)
[98202:98202:0415/221359.257734:INFO:CONSOLE(8)] "Removing intrinsics.Reflect.@@toStringTag", source: chrome-extension://nkbihfbeogaeaoehlefnkodbefgpgknn/initSentry.js (8)
[98202:98202:0415/221359.259183:INFO:CONSOLE(8)] "Removing intrinsics.%StringPrototype%.replaceAll", source: chrome-extension://nkbihfbeogaeaoehlefnkodbefgpgknn/initSentry.js (8)
[98202:98202:0415/221359.259852:INFO:CONSOLE(8)] "Removing intrinsics.%RegExpPrototype%.hasIndices", source: chrome-extension://nkbihfbeogaeaoehlefnkodbefgpgknn/initSentry.js (8)
[98202:98202:0415/221414.180876:INFO:CONSOLE(1)] "MetaMask: 'ethereum.enable()' is deprecated and may be removed in the future. Please use the 'eth_requestAccounts' RPC method instead.
For more information, see: https://eips.ethereum.org/EIPS/eip-1102", source: chrome-extension://nkbihfbeogaeaoehlefnkodbefgpgknn/inpage.js (1)
[98202:98202:0415/221414.241752:INFO:CONSOLE(0)] "Manifest: property 'start_url' ignored, should be same origin as document.", source: https://cdn.jsdelivr.net/gh/mdexSwap/mdexSwap.github.io@2.0/manifest.json (0)
[98202:98202:0415/221414.787875:INFO:CONSOLE(1)] "MetaMask: The event 'close' is deprecated and may be removed in the future. Please use 'disconnect' instead.
For more information, see: https://eips.ethereum.org/EIPS/eip-1193#disconnect", source: chrome-extension://nkbihfbeogaeaoehlefnkodbefgpgknn/inpage.js (1)
[98202:98202:0415/221414.792657:INFO:CONSOLE(1)] "web3-shh package will be deprecated in version 1.3.5 and will no longer be supported.", source: https://cdn.jsdelivr.net/gh/mdexSwap/mdexSwap.github.io@2.0/js/chunk-vendors.bbeaba5f.js (1)
[98202:98202:0415/221414.794182:INFO:CONSOLE(73)] "web3-bzz package will be deprecated in version 1.3.5 and will no longer be supported.", source: https://cdn.jsdelivr.net/gh/mdexSwap/mdexSwap.github.io@2.0/js/chunk-vendors.bbeaba5f.js (73)
[98202:98202:0415/221417.192290:INFO:CONSOLE(1)] "get Assetslist Error: Returned values aren't valid, did it run Out of Gas? You might also see this error if you are not using the correct ABI for the contract you are retrieving data from, requesting data from a block number that does not exist, or querying a node which is not fully synced.", source: https://cdn.jsdelivr.net/gh/mdexSwap/mdexSwap.github.io@2.0/js/app.84705c7a.js (1)
[98202:98202:0415/221418.773127:WARNING:pref_notifier_impl.cc(40)] Pref observer for media_router.cast_allow_all_ips found at shutdown.
