[99134:99134:0415/221448.464724:ERROR:viz_main_impl.cc(150)] Exiting GPU process due to errors during initialization
[99079:99238:0415/221448.540471:ERROR:object_proxy.cc(621)] Failed to call method: org.freedesktop.DBus.Properties.Get: object_path= /org/freedesktop/UPower: org.freedesktop.DBus.Error.ServiceUnknown: The name org.freedesktop.UPower was not provided by any .service files
[99079:99238:0415/221448.540534:WARNING:property.cc(144)] DaemonVersion: GetAndBlock: failed.
[99079:99238:0415/221448.540722:ERROR:object_proxy.cc(621)] Failed to call method: org.freedesktop.UPower.GetDisplayDevice: object_path= /org/freedesktop/UPower: org.freedesktop.DBus.Error.ServiceUnknown: The name org.freedesktop.UPower was not provided by any .service files
[99079:99238:0415/221448.540915:ERROR:object_proxy.cc(621)] Failed to call method: org.freedesktop.UPower.EnumerateDevices: object_path= /org/freedesktop/UPower: org.freedesktop.DBus.Error.ServiceUnknown: The name org.freedesktop.UPower was not provided by any .service files
[99236:99236:0415/221448.563239:ERROR:gpu_init.cc(426)] Passthrough is not supported, GL is egl
[99207:99231:0415/221448.627026:ERROR:command_buffer_proxy_impl.cc(121)] ContextResult::kTransientFailure: Failed to send GpuChannelMsg_CreateCommandBuffer.
[99079:99079:0415/221448.912099:INFO:CONSOLE(1)] "Setting up Sentry Remote Error Reporting for 'production': SENTRY_DSN", source: chrome-extension://nkbihfbeogaeaoehlefnkodbefgpgknn/initSentry.js (1)
[99079:99079:0415/221448.979472:INFO:CONSOLE(8)] "Removing intrinsics.Promise.any", source: chrome-extension://nkbihfbeogaeaoehlefnkodbefgpgknn/initSentry.js (8)
[99079:99079:0415/221448.991282:INFO:CONSOLE(8)] "Removing intrinsics.Reflect.@@toStringTag", source: chrome-extension://nkbihfbeogaeaoehlefnkodbefgpgknn/initSentry.js (8)
[99079:99079:0415/221448.993564:INFO:CONSOLE(8)] "Removing intrinsics.%StringPrototype%.replaceAll", source: chrome-extension://nkbihfbeogaeaoehlefnkodbefgpgknn/initSentry.js (8)
[99079:99079:0415/221448.997526:INFO:CONSOLE(8)] "Removing intrinsics.%RegExpPrototype%.hasIndices", source: chrome-extension://nkbihfbeogaeaoehlefnkodbefgpgknn/initSentry.js (8)
[99079:99079:0415/221450.246422:INFO:CONSOLE(16)] "Invalid asm.js: Unexpected token", source: chrome-extension://nkbihfbeogaeaoehlefnkodbefgpgknn/bg-libs.js (16)
[99079:99079:0415/221451.257727:INFO:CONSOLE(1)] "Setting up Sentry Remote Error Reporting for 'production': SENTRY_DSN", source: chrome-extension://nkbihfbeogaeaoehlefnkodbefgpgknn/initSentry.js (1)
[99079:99079:0415/221451.342354:INFO:CONSOLE(8)] "Removing intrinsics.Promise.any", source: chrome-extension://nkbihfbeogaeaoehlefnkodbefgpgknn/initSentry.js (8)
[99079:99079:0415/221451.345709:INFO:CONSOLE(8)] "Removing intrinsics.Reflect.@@toStringTag", source: chrome-extension://nkbihfbeogaeaoehlefnkodbefgpgknn/initSentry.js (8)
[99079:99079:0415/221451.348210:INFO:CONSOLE(8)] "Removing intrinsics.%StringPrototype%.replaceAll", source: chrome-extension://nkbihfbeogaeaoehlefnkodbefgpgknn/initSentry.js (8)
[99079:99079:0415/221451.352489:INFO:CONSOLE(8)] "Removing intrinsics.%RegExpPrototype%.hasIndices", source: chrome-extension://nkbihfbeogaeaoehlefnkodbefgpgknn/initSentry.js (8)
[99079:99079:0415/221512.761512:INFO:CONSOLE(0)] "Access to XMLHttpRequest at 'https://api.crowdin.com/api/v2/projects/422458/languages/en/translations?fileId=8&limit=400' from origin 'https://pancakeswap.finance' has been blocked by CORS policy: Response to preflight request doesn't pass access control check: No 'Access-Control-Allow-Origin' header is present on the requested resource.", source: https://pancakeswap.finance/farms (0)
[99079:99079:0415/221513.074034:INFO:CONSOLE(1)] "Error while loading translations [object Object]", source: https://pancakeswap.finance/static/js/main.c20fcb23.chunk.js (1)
[99079:99079:0415/221518.918118:INFO:CONSOLE(0)] "Access to XMLHttpRequest at 'https://api.crowdin.com/api/v2/projects/422458/languages/en/translations?fileId=8&limit=400' from origin 'https://pancakeswap.finance' has been blocked by CORS policy: Response to preflight request doesn't pass access control check: No 'Access-Control-Allow-Origin' header is present on the requested resource.", source: https://pancakeswap.finance/ (0)
[99079:99079:0415/221519.007543:INFO:CONSOLE(1)] "Error while loading translations [object Object]", source: https://pancakeswap.finance/static/js/main.c20fcb23.chunk.js (1)
[99145:99157:0415/221532.427028:WARNING:sqlite_persistent_store_backend_base.cc(171)] Failed to post task from FlushAndNotifyInBackground@../../net/extras/sqlite/sqlite_persistent_store_backend_base.cc:220 to client_task_runner_.
[99145:99157:0415/221532.427104:WARNING:sqlite_persistent_store_backend_base.cc(171)] Failed to post task from FlushAndNotifyInBackground@../../net/extras/sqlite/sqlite_persistent_store_backend_base.cc:220 to client_task_runner_.
[99079:99079:0415/221532.439697:WARNING:pref_notifier_impl.cc(40)] Pref observer for media_router.cast_allow_all_ips found at shutdown.
