[100349:100437:0415/221612.925627:ERROR:object_proxy.cc(621)] Failed to call method: org.freedesktop.DBus.Properties.Get: object_path= /org/freedesktop/UPower: org.freedesktop.DBus.Error.ServiceUnknown: The name org.freedesktop.UPower was not provided by any .service files
[100349:100437:0415/221612.925691:WARNING:property.cc(144)] DaemonVersion: GetAndBlock: failed.
[100349:100437:0415/221612.927718:ERROR:object_proxy.cc(621)] Failed to call method: org.freedesktop.UPower.GetDisplayDevice: object_path= /org/freedesktop/UPower: org.freedesktop.DBus.Error.ServiceUnknown: The name org.freedesktop.UPower was not provided by any .service files
[100349:100437:0415/221612.927991:ERROR:object_proxy.cc(621)] Failed to call method: org.freedesktop.UPower.EnumerateDevices: object_path= /org/freedesktop/UPower: org.freedesktop.DBus.Error.ServiceUnknown: The name org.freedesktop.UPower was not provided by any .service files
[100386:100386:0415/221612.939960:ERROR:viz_main_impl.cc(150)] Exiting GPU process due to errors during initialization
[100459:100459:0415/221612.988757:ERROR:gpu_init.cc(426)] Passthrough is not supported, GL is egl
[100349:100349:0415/221613.166787:INFO:CONSOLE(1)] "Setting up Sentry Remote Error Reporting for 'production': SENTRY_DSN", source: chrome-extension://nkbihfbeogaeaoehlefnkodbefgpgknn/initSentry.js (1)
[100349:100349:0415/221613.186042:INFO:CONSOLE(8)] "Removing intrinsics.Promise.any", source: chrome-extension://nkbihfbeogaeaoehlefnkodbefgpgknn/initSentry.js (8)
[100349:100349:0415/221613.186662:INFO:CONSOLE(8)] "Removing intrinsics.Reflect.@@toStringTag", source: chrome-extension://nkbihfbeogaeaoehlefnkodbefgpgknn/initSentry.js (8)
[100349:100349:0415/221613.188279:INFO:CONSOLE(8)] "Removing intrinsics.%StringPrototype%.replaceAll", source: chrome-extension://nkbihfbeogaeaoehlefnkodbefgpgknn/initSentry.js (8)
[100349:100349:0415/221613.188960:INFO:CONSOLE(8)] "Removing intrinsics.%RegExpPrototype%.hasIndices", source: chrome-extension://nkbihfbeogaeaoehlefnkodbefgpgknn/initSentry.js (8)
[100349:100349:0415/221614.229833:INFO:CONSOLE(16)] "Invalid asm.js: Unexpected token", source: chrome-extension://nkbihfbeogaeaoehlefnkodbefgpgknn/bg-libs.js (16)
[100349:100349:0415/221615.208617:INFO:CONSOLE(1)] "Setting up Sentry Remote Error Reporting for 'production': SENTRY_DSN", source: chrome-extension://nkbihfbeogaeaoehlefnkodbefgpgknn/initSentry.js (1)
[100349:100349:0415/221615.238411:INFO:CONSOLE(8)] "Removing intrinsics.Promise.any", source: chrome-extension://nkbihfbeogaeaoehlefnkodbefgpgknn/initSentry.js (8)
[100349:100349:0415/221615.238774:INFO:CONSOLE(8)] "Removing intrinsics.Reflect.@@toStringTag", source: chrome-extension://nkbihfbeogaeaoehlefnkodbefgpgknn/initSentry.js (8)
[100349:100349:0415/221615.240113:INFO:CONSOLE(8)] "Removing intrinsics.%StringPrototype%.replaceAll", source: chrome-extension://nkbihfbeogaeaoehlefnkodbefgpgknn/initSentry.js (8)
[100349:100349:0415/221615.240565:INFO:CONSOLE(8)] "Removing intrinsics.%RegExpPrototype%.hasIndices", source: chrome-extension://nkbihfbeogaeaoehlefnkodbefgpgknn/initSentry.js (8)
[100349:100349:0415/221631.309176:INFO:CONSOLE(1)] "[object Object]", source: https://curve.fi/js/app.5c1b95db.js (1)
[100349:100349:0415/221631.447934:INFO:CONSOLE(1)] "You are accessing the MetaMask window.web3.currentProvider shim. This property is deprecated; use window.ethereum instead. For details, see: https://docs.metamask.io/guide/provider-migration.html#replacing-window-web3", source: chrome-extension://nkbihfbeogaeaoehlefnkodbefgpgknn/inpage.js (1)
[100349:100349:0415/221631.888393:INFO:CONSOLE(28)] "dapper wallet has been deprecated", source: https://curve.fi/js/chunk-vendors.598e19ff.js (28)
[100349:100349:0415/221631.914711:INFO:CONSOLE(28)] "squarelink wallet has been deprecated", source: https://curve.fi/js/chunk-vendors.598e19ff.js (28)
[100349:100349:0415/221631.922169:INFO:CONSOLE(28)] "unilogin wallet has been deprecated", source: https://curve.fi/js/chunk-vendors.598e19ff.js (28)
[100349:100349:0415/221632.094432:INFO:CONSOLE(1)] "null SUBSCRIPTION", source: https://curve.fi/js/app.5c1b95db.js (1)
[100349:100349:0415/221632.822307:INFO:CONSOLE(62)] "Uncaught Error: Unauthorized", source: https://curve.fi/js/chunk-vendors.598e19ff.js (62)
[100349:100349:0415/221632.830144:INFO:CONSOLE(1)] "[object Object] res", source: https://curve.fi/js/chunk-8c65d894.b5ad29ff.js (1)
[100349:100349:0415/221632.896944:INFO:CONSOLE(1)] "App is being served from cache by a service worker.
For more details, visit https://goo.gl/AFskqB", source: https://curve.fi/js/app.5c1b95db.js (1)
[100349:100349:0415/221632.937574:INFO:CONSOLE(1)] "Service worker has been registered.", source: https://curve.fi/js/app.5c1b95db.js (1)
[100349:100349:0415/221633.398615:INFO:CONSOLE(62)] "Uncaught Error: Unauthorized", source: https://curve.fi/js/chunk-vendors.598e19ff.js (62)
[100349:100349:0415/221633.677609:INFO:CONSOLE(1)] "MetaMask: 'ethereum._metamask' exposes non-standard, experimental methods. They may be removed or changed without warning.", source: chrome-extension://nkbihfbeogaeaoehlefnkodbefgpgknn/inpage.js (1)
[100388:100400:0415/221634.682918:WARNING:spdy_session.cc(3431)] Received HEADERS for invalid stream 11
[100388:100401:0415/221634.767554:WARNING:sqlite_persistent_store_backend_base.cc(171)] Failed to post task from FlushAndNotifyInBackground@../../net/extras/sqlite/sqlite_persistent_store_backend_base.cc:220 to client_task_runner_.
[100388:100401:0415/221634.767597:WARNING:sqlite_persistent_store_backend_base.cc(171)] Failed to post task from FlushAndNotifyInBackground@../../net/extras/sqlite/sqlite_persistent_store_backend_base.cc:220 to client_task_runner_.
[100349:100349:0415/221634.820645:WARNING:pref_notifier_impl.cc(40)] Pref observer for media_router.cast_allow_all_ips found at shutdown.
